<?xml version="1.0" encoding="UTF-8"?>
<testng-results skipped="0" failed="0" ignored="0" total="1" passed="1">
  <reporter-output>
  </reporter-output>
  <suite name="TESTNG amazon" duration-ms="38077" started-at="2020-05-01T18:06:20Z" finished-at="2020-05-01T18:06:58Z">
    <groups>
      <group name="cucumber">
        <method signature="Runner.feature(cucumber.api.testng.CucumberFeatureWrapper)[pri:0, instance:TestRunner.Runner@226a82c4]" name="feature" class="TestRunner.Runner"/>
      </group> <!-- cucumber -->
    </groups>
    <test name=" amazon test" duration-ms="38077" started-at="2020-05-01T18:06:20Z" finished-at="2020-05-01T18:06:58Z">
      <class name="TestRunner.Runner">
        <test-method status="PASS" signature="setUpClass()[pri:0, instance:TestRunner.Runner@226a82c4]" name="setUpClass" is-config="true" duration-ms="361" started-at="2020-05-01T18:06:20Z" finished-at="2020-05-01T18:06:21Z">
          <reporter-output>
          </reporter-output>
        </test-method> <!-- setUpClass -->
        <test-method status="PASS" signature="feature(cucumber.api.testng.CucumberFeatureWrapper)[pri:0, instance:TestRunner.Runner@226a82c4]" name="feature" duration-ms="37547" started-at="2020-05-01T18:06:21Z" description="Runs Cucumber Feature" data-provider="feature" finished-at="2020-05-01T18:06:58Z">
          <params>
            <param index="0">
              <value>
                <![CDATA[amazon application]]>
              </value>
            </param>
          </params>
          <reporter-output>
          </reporter-output>
        </test-method> <!-- feature -->
        <test-method status="PASS" signature="tearDownClass()[pri:0, instance:TestRunner.Runner@226a82c4]" name="tearDownClass" is-config="true" duration-ms="26" started-at="2020-05-01T18:06:58Z" finished-at="2020-05-01T18:06:58Z">
          <reporter-output>
          </reporter-output>
        </test-method> <!-- tearDownClass -->
      </class> <!-- TestRunner.Runner -->
    </test> <!--  amazon test -->
  </suite> <!-- TESTNG amazon -->
</testng-results>
