<?xml version="1.0" encoding="UTF-8"?>
<testng-results skipped="0" failed="0" ignored="0" total="1" passed="1">
  <reporter-output>
  </reporter-output>
  <suite name="Default suite" duration-ms="39783" started-at="2020-05-01T18:03:10Z" finished-at="2020-05-01T18:03:50Z">
    <groups>
      <group name="cucumber">
        <method signature="Runner.feature(cucumber.api.testng.CucumberFeatureWrapper)[pri:0, instance:TestRunner.Runner@27c20538]" name="feature" class="TestRunner.Runner"/>
      </group> <!-- cucumber -->
    </groups>
    <test name="Default test" duration-ms="39783" started-at="2020-05-01T18:03:10Z" finished-at="2020-05-01T18:03:50Z">
      <class name="TestRunner.Runner">
        <test-method status="PASS" signature="setUpClass()[pri:0, instance:TestRunner.Runner@27c20538]" name="setUpClass" is-config="true" duration-ms="293" started-at="2020-05-01T18:03:10Z" finished-at="2020-05-01T18:03:10Z">
          <reporter-output>
          </reporter-output>
        </test-method> <!-- setUpClass -->
        <test-method status="PASS" signature="feature(cucumber.api.testng.CucumberFeatureWrapper)[pri:0, instance:TestRunner.Runner@27c20538]" name="feature" duration-ms="39367" started-at="2020-05-01T18:03:10Z" description="Runs Cucumber Feature" data-provider="feature" finished-at="2020-05-01T18:03:50Z">
          <params>
            <param index="0">
              <value>
                <![CDATA[amazon application]]>
              </value>
            </param>
          </params>
          <reporter-output>
          </reporter-output>
        </test-method> <!-- feature -->
        <test-method status="PASS" signature="tearDownClass()[pri:0, instance:TestRunner.Runner@27c20538]" name="tearDownClass" is-config="true" duration-ms="19" started-at="2020-05-01T18:03:50Z" finished-at="2020-05-01T18:03:50Z">
          <reporter-output>
          </reporter-output>
        </test-method> <!-- tearDownClass -->
      </class> <!-- TestRunner.Runner -->
    </test> <!-- Default test -->
  </suite> <!-- Default suite -->
</testng-results>
