<?xml version="1.0" encoding="UTF-8"?>
<testng-results skipped="0" failed="0" ignored="0" total="1" passed="1">
  <reporter-output>
  </reporter-output>
  <suite name="Default suite" duration-ms="47104" started-at="2020-05-03T18:26:19Z" finished-at="2020-05-03T18:27:06Z">
    <groups>
      <group name="cucumber">
        <method signature="Runner.feature(cucumber.api.testng.CucumberFeatureWrapper)[pri:0, instance:TestRunner.Runner@27c20538]" name="feature" class="TestRunner.Runner"/>
      </group> <!-- cucumber -->
    </groups>
    <test name="Default test" duration-ms="47104" started-at="2020-05-03T18:26:19Z" finished-at="2020-05-03T18:27:06Z">
      <class name="TestRunner.Runner">
        <test-method status="PASS" signature="setUpClass()[pri:0, instance:TestRunner.Runner@27c20538]" name="setUpClass" is-config="true" duration-ms="532" started-at="2020-05-03T18:26:19Z" finished-at="2020-05-03T18:26:20Z">
          <reporter-output>
          </reporter-output>
        </test-method> <!-- setUpClass -->
        <test-method status="PASS" signature="feature(cucumber.api.testng.CucumberFeatureWrapper)[pri:0, instance:TestRunner.Runner@27c20538]" name="feature" duration-ms="46284" started-at="2020-05-03T18:26:20Z" description="Runs Cucumber Feature" data-provider="feature" finished-at="2020-05-03T18:27:06Z">
          <params>
            <param index="0">
              <value>
                <![CDATA[amazon application]]>
              </value>
            </param>
          </params>
          <reporter-output>
          </reporter-output>
        </test-method> <!-- feature -->
        <test-method status="PASS" signature="tearDownClass()[pri:0, instance:TestRunner.Runner@27c20538]" name="tearDownClass" is-config="true" duration-ms="81" started-at="2020-05-03T18:27:06Z" finished-at="2020-05-03T18:27:06Z">
          <reporter-output>
          </reporter-output>
        </test-method> <!-- tearDownClass -->
      </class> <!-- TestRunner.Runner -->
    </test> <!-- Default test -->
  </suite> <!-- Default suite -->
</testng-results>
